Determining if the pthread_create exist failed with the following output:
Change Dir: /home/riki/Test/pcs_library/build/CMakeFiles/CMakeTmp

Run Build Command:"/usr/bin/make" "cmTC_61327/fast"
/usr/bin/make -f CMakeFiles/cmTC_61327.dir/build.make CMakeFiles/cmTC_61327.dir/build
make[1]: Entering directory '/home/riki/Test/pcs_library/build/CMakeFiles/CMakeTmp'
Building C object CMakeFiles/cmTC_61327.dir/CheckSymbolExists.c.o
/usr/bin/cc     -o CMakeFiles/cmTC_61327.dir/CheckSymbolExists.c.o   -c /home/riki/Test/pcs_library/build/CMakeFiles/CMakeTmp/CheckSymbolExists.c
Linking C executable cmTC_61327
/usr/bin/cmake -E cmake_link_script CMakeFiles/cmTC_61327.dir/link.txt --verbose=1
/usr/bin/cc       CMakeFiles/cmTC_61327.dir/CheckSymbolExists.c.o  -o cmTC_61327 
CMakeFiles/cmTC_61327.dir/CheckSymbolExists.c.o: In function `main':
CheckSymbolExists.c:(.text+0x16): undefined reference to `pthread_create'
collect2: error: ld returned 1 exit status
CMakeFiles/cmTC_61327.dir/build.make:97: recipe for target 'cmTC_61327' failed
make[1]: *** [cmTC_61327] Error 1
make[1]: Leaving directory '/home/riki/Test/pcs_library/build/CMakeFiles/CMakeTmp'
Makefile:126: recipe for target 'cmTC_61327/fast' failed
make: *** [cmTC_61327/fast] Error 2

File /home/riki/Test/pcs_library/build/CMakeFiles/CMakeTmp/CheckSymbolExists.c:
/* */
#include <pthread.h>

int main(int argc, char** argv)
{
  (void)argv;
#ifndef pthread_create
  return ((int*)(&pthread_create))[argc];
#else
  (void)argc;
  return 0;
#endif
}

Determining if the function pthread_create exists in the pthreads failed with the following output:
Change Dir: /home/riki/Test/pcs_library/build/CMakeFiles/CMakeTmp

Run Build Command:"/usr/bin/make" "cmTC_de6cd/fast"
/usr/bin/make -f CMakeFiles/cmTC_de6cd.dir/build.make CMakeFiles/cmTC_de6cd.dir/build
make[1]: Entering directory '/home/riki/Test/pcs_library/build/CMakeFiles/CMakeTmp'
Building C object CMakeFiles/cmTC_de6cd.dir/CheckFunctionExists.c.o
/usr/bin/cc    -DCHECK_FUNCTION_EXISTS=pthread_create   -o CMakeFiles/cmTC_de6cd.dir/CheckFunctionExists.c.o   -c /usr/share/cmake-3.5/Modules/CheckFunctionExists.c
Linking C executable cmTC_de6cd
/usr/bin/cmake -E cmake_link_script CMakeFiles/cmTC_de6cd.dir/link.txt --verbose=1
/usr/bin/cc   -DCHECK_FUNCTION_EXISTS=pthread_create    CMakeFiles/cmTC_de6cd.dir/CheckFunctionExists.c.o  -o cmTC_de6cd -lpthreads 
/usr/bin/ld: cannot find -lpthreads
collect2: error: ld returned 1 exit status
CMakeFiles/cmTC_de6cd.dir/build.make:97: recipe for target 'cmTC_de6cd' failed
make[1]: *** [cmTC_de6cd] Error 1
make[1]: Leaving directory '/home/riki/Test/pcs_library/build/CMakeFiles/CMakeTmp'
Makefile:126: recipe for target 'cmTC_de6cd/fast' failed
make: *** [cmTC_de6cd/fast] Error 2


